{"/home/abdulwm/Dev/test-ultra-voucher/index.js": {"path":"/home/abdulwm/Dev/test-ultra-voucher/index.js","statementMap":{"0":{"start":{"line":2,"column":26},"end":{"line":2,"column":28}},"1":{"start":{"line":4,"column":4},"end":{"line":21,"column":5}},"2":{"start":{"line":6,"column":25},"end":{"line":6,"column":30}},"3":{"start":{"line":9,"column":8},"end":{"line":15,"column":9}},"4":{"start":{"line":10,"column":12},"end":{"line":14,"column":13}},"5":{"start":{"line":11,"column":16},"end":{"line":11,"column":33}},"6":{"start":{"line":12,"column":16},"end":{"line":12,"column":34}},"7":{"start":{"line":13,"column":16},"end":{"line":13,"column":22}},"8":{"start":{"line":18,"column":8},"end":{"line":20,"column":9}},"9":{"start":{"line":19,"column":12},"end":{"line":19,"column":39}},"10":{"start":{"line":23,"column":4},"end":{"line":23,"column":25}},"11":{"start":{"line":28,"column":4},"end":{"line":30,"column":5}},"12":{"start":{"line":29,"column":8},"end":{"line":29,"column":21}},"13":{"start":{"line":33,"column":24},"end":{"line":33,"column":41}},"14":{"start":{"line":34,"column":24},"end":{"line":34,"column":41}},"15":{"start":{"line":37,"column":4},"end":{"line":37,"column":39}},"16":{"start":{"line":43,"column":18},"end":{"line":43,"column":31}},"17":{"start":{"line":44,"column":4},"end":{"line":53,"column":5}},"18":{"start":{"line":44,"column":17},"end":{"line":44,"column":18}},"19":{"start":{"line":45,"column":8},"end":{"line":52,"column":9}},"20":{"start":{"line":45,"column":21},"end":{"line":45,"column":26}},"21":{"start":{"line":46,"column":12},"end":{"line":51,"column":13}},"22":{"start":{"line":48,"column":29},"end":{"line":48,"column":37}},"23":{"start":{"line":49,"column":16},"end":{"line":49,"column":36}},"24":{"start":{"line":50,"column":16},"end":{"line":50,"column":32}},"25":{"start":{"line":54,"column":4},"end":{"line":54,"column":26}},"26":{"start":{"line":58,"column":14},"end":{"line":58,"column":78}},"27":{"start":{"line":59,"column":15},"end":{"line":59,"column":35}},"28":{"start":{"line":60,"column":0},"end":{"line":60,"column":20}},"29":{"start":{"line":62,"column":0},"end":{"line":62,"column":45}}},"fnMap":{"0":{"name":"groupAnagrams","decl":{"start":{"line":1,"column":9},"end":{"line":1,"column":22}},"loc":{"start":{"line":1,"column":30},"end":{"line":24,"column":1}},"line":1},"1":{"name":"areAnagrams","decl":{"start":{"line":26,"column":9},"end":{"line":26,"column":20}},"loc":{"start":{"line":26,"column":35},"end":{"line":38,"column":1}},"line":26},"2":{"name":"sortString","decl":{"start":{"line":41,"column":9},"end":{"line":41,"column":19}},"loc":{"start":{"line":41,"column":25},"end":{"line":55,"column":1}},"line":41}},"branchMap":{"0":{"loc":{"start":{"line":10,"column":12},"end":{"line":14,"column":13}},"type":"if","locations":[{"start":{"line":10,"column":12},"end":{"line":14,"column":13}},{"start":{},"end":{}}],"line":10},"1":{"loc":{"start":{"line":18,"column":8},"end":{"line":20,"column":9}},"type":"if","locations":[{"start":{"line":18,"column":8},"end":{"line":20,"column":9}},{"start":{},"end":{}}],"line":18},"2":{"loc":{"start":{"line":28,"column":4},"end":{"line":30,"column":5}},"type":"if","locations":[{"start":{"line":28,"column":4},"end":{"line":30,"column":5}},{"start":{},"end":{}}],"line":28},"3":{"loc":{"start":{"line":46,"column":12},"end":{"line":51,"column":13}},"type":"if","locations":[{"start":{"line":46,"column":12},"end":{"line":51,"column":13}},{"start":{},"end":{}}],"line":46}},"s":{"0":4,"1":4,"2":20,"3":20,"4":40,"5":8,"6":8,"7":8,"8":20,"9":12,"10":4,"11":46,"12":25,"13":21,"14":21,"15":21,"16":42,"17":42,"18":42,"19":140,"20":140,"21":314,"22":134,"23":134,"24":134,"25":42,"26":1,"27":1,"28":1,"29":1},"f":{"0":4,"1":46,"2":42},"b":{"0":[8,32],"1":[12,8],"2":[25,21],"3":[134,180]},"_coverageSchema":"1a1c01bbd47fc00a2c39e90264f33305004495a9","hash":"cee646f08419a91095e114523acc5bfb88dc63a9"}
}
