TN:
SF:index.js
FN:1,groupAnagrams
FN:26,areAnagrams
FN:41,sortString
FNF:3
FNH:3
FNDA:4,groupAnagrams
FNDA:46,areAnagrams
FNDA:42,sortString
DA:2,4
DA:4,4
DA:6,20
DA:9,20
DA:10,40
DA:11,8
DA:12,8
DA:13,8
DA:18,20
DA:19,12
DA:23,4
DA:28,46
DA:29,25
DA:33,21
DA:34,21
DA:37,21
DA:43,42
DA:44,42
DA:45,140
DA:46,314
DA:48,134
DA:49,134
DA:50,134
DA:54,42
DA:58,1
DA:59,1
DA:60,1
DA:62,1
LF:28
LH:28
BRDA:10,0,0,8
BRDA:10,0,1,32
BRDA:18,1,0,12
BRDA:18,1,1,8
BRDA:28,2,0,25
BRDA:28,2,1,21
BRDA:46,3,0,134
BRDA:46,3,1,180
BRF:8
BRH:8
end_of_record
